<?xml version="1.0" encoding="UTF-8"?>
<!-- Generated by org.testng.reporters.JUnitReportReporter -->
<testsuite hostname="DESKTOP-R1NCR26" failures="0" tests="3" name="VerboseConcept.verboseTestNGConcept" time="24.641" errors="0" timestamp="2022-01-05T01:54:27 GMT-05:00" skipped="0">
  <testcase classname="VerboseConcept.verboseTestNGConcept" name="FlipkartTitletest1" time="11.109"/>
  <system-out/>
  <testcase classname="VerboseConcept.verboseTestNGConcept" name="FlipkartTitletest2" time="6.494"/>
  <system-out/>
  <testcase classname="VerboseConcept.verboseTestNGConcept" name="FlipkartTitletest3" time="7.038"/>
  <system-out/>
</testsuite> <!-- VerboseConcept.verboseTestNGConcept -->
