<?xml version="1.0" encoding="UTF-8"?>
<!-- Generated by org.testng.reporters.JUnitReportReporter -->
<testsuite hostname="DESKTOP-R1NCR26" failures="0" tests="1" name="TimeOutsExampleInTestNG.TimeOutException" time="2.030" errors="0" timestamp="2022-02-08T06:54:04 GMT-05:00" skipped="0">
  <testcase classname="TimeOutsExampleInTestNG.TimeOutException" name="test" time="2.030"/>
  <system-out/>
</testsuite> <!-- TimeOutsExampleInTestNG.TimeOutException -->
